2024-10-15 12:11:53,984 - INFO - Starting the script...
2024-10-15 12:21:25,071 - INFO - Starting the script...
2024-10-15 12:24:18,297 - INFO - Starting the script...
2024-10-15 12:29:00,608 - INFO - Starting the script...
2024-10-15 12:37:41,773 - INFO - Starting the script...
2024-10-15 12:46:07,824 - INFO - Starting the script...
2024-10-15 12:47:36,556 - INFO - Starting the script...
2024-10-15 12:55:13,911 - INFO - Starting the script...
2024-10-15 13:02:55,939 - INFO - Starting the script...
2024-10-15 13:33:02,111 - INFO - Starting the script...
2024-10-15 13:35:11,733 - INFO - Starting the script...
2024-10-15 13:49:35,145 - INFO - Starting the script...
2024-10-15 13:52:19,592 - INFO - Starting the script...
2024-10-15 13:58:35,360 - INFO - Starting the script...
2024-10-15 14:02:14,141 - INFO - Starting the script...
2024-10-15 14:06:51,464 - INFO - Starting the script...
2024-10-15 14:10:38,511 - INFO - Starting the script...
2024-10-15 14:46:08,651 - INFO - Starting the script...
2024-10-15 14:58:10,755 - INFO - Starting the script...
2024-10-15 14:59:33,135 - ERROR - Error uploading file to SharePoint: Timeout 30000ms exceeded.
2024-10-15 14:59:33,137 - WARNING - Failed to upload to SharePoint. Last extraction date not updated.
2024-10-15 14:59:33,532 - INFO - Script execution finished.
2024-10-15 14:59:44,040 - INFO - Starting the script...
2024-10-15 15:03:47,276 - INFO - Starting the script...
2024-10-15 15:06:56,746 - INFO - Starting the script...
2024-10-15 15:07:55,272 - INFO - File uploaded successfully to SharePoint: C:\Users\Rolando Pancho\Downloads\greenprofi_downloads\Projekte_2024.10.15.xlsx
2024-10-15 15:07:55,274 - INFO - Saved last extraction date: 2024-10-15
2024-10-15 15:07:55,659 - INFO - Script execution finished.
2024-10-15 15:54:47,199 - INFO - Starting the script...
2024-10-15 15:56:22,941 - INFO - Starting the script...
2024-10-15 15:57:43,430 - INFO - File uploaded successfully to SharePoint: C:\Users\Rolando Pancho\Downloads\greenprofi_downloads\Projekte_2024.10.15.xlsx
2024-10-15 15:57:43,438 - INFO - Saved last extraction date: 2024-10-15
2024-10-15 15:57:43,850 - INFO - Script execution finished.
2024-10-15 16:11:20,562 - INFO - Starting the script...
2024-10-15 16:17:31,373 - INFO - Starting the script...
2024-10-15 16:17:55,818 - INFO - Saved last downloaded project: Projekte_2024.10.15.xlsx
2024-10-15 16:18:54,611 - INFO - File uploaded successfully to SharePoint: C:\Users\Rolando Pancho\Downloads\greenprofi_downloads\Projekte_2024.10.15.xlsx
2024-10-15 16:18:54,612 - INFO - Saved last extraction date: 2024-10-15
2024-10-15 16:18:54,988 - INFO - Script execution finished.
2024-10-15 16:20:03,043 - INFO - Starting the script...
2024-10-15 16:20:24,077 - INFO - Saved last downloaded project: Projekte_2024.10.15.xlsx
2024-10-15 16:21:22,324 - INFO - File uploaded successfully to SharePoint: C:\Users\Rolando Pancho\Downloads\greenprofi_downloads\Projekte_2024.10.15.xlsx
2024-10-15 16:21:22,331 - INFO - Saved last extraction date: 2024-10-15
2024-10-15 16:21:22,735 - INFO - Script execution finished.
2024-10-15 16:53:28,926 - INFO - Starting the script...
2024-10-15 16:55:52,308 - INFO - Starting the script...
2024-10-15 18:29:18,763 - INFO - Starting the script...
2024-10-15 18:29:40,729 - INFO - Script execution finished.
2024-10-15 18:30:40,959 - INFO - Starting the script...
2024-10-15 18:31:01,846 - INFO - Script execution finished.
2024-10-15 18:32:12,116 - INFO - Starting the script...
2024-10-15 18:32:36,557 - INFO - Script execution finished.
2024-10-15 18:34:44,660 - INFO - Starting the script...
2024-10-15 18:35:07,670 - INFO - Saved last downloaded project: Projekte_2024.10.15.xlsx
2024-10-15 18:36:06,467 - INFO - File uploaded successfully to SharePoint: C:\Users\Rolando Pancho\Downloads\greenprofi_downloads\Projekte_2024.10.15.xlsx
2024-10-15 18:36:06,475 - INFO - Saved last extraction date: 2024-10-15
2024-10-15 18:36:06,873 - INFO - Script execution finished.
2024-10-15 18:41:29,595 - INFO - Starting the script...
2024-10-15 18:41:48,389 - INFO - Saved last downloaded project: Projekte_2024.10.15.xlsx
2024-10-15 18:42:47,358 - INFO - File uploaded successfully to SharePoint: C:\Users\Rolando Pancho\Downloads\greenprofi_downloads\Projekte_2024.10.15.xlsx
2024-10-15 18:42:47,363 - INFO - Saved last extraction date: 2024-10-15
2024-10-15 18:42:47,788 - INFO - Script execution finished.
2024-10-15 19:17:40,621 - INFO - Starting the script...
2024-10-15 21:12:13,542 - INFO - Starting the script...
2024-10-15 21:14:09,254 - INFO - Starting the script...
2024-10-15 21:16:59,284 - INFO - Starting the script...
2024-10-15 22:48:18,843 - INFO - Starting the script...
2024-10-15 22:48:36,480 - INFO - Saved last downloaded project: Projekte_2024.10.15.xlsx
2024-10-15 22:49:36,473 - INFO - File uploaded successfully to SharePoint: C:\Users\Rolando Pancho\Downloads\greenprofi_downloads\Projekte_2024.10.15.xlsx
2024-10-15 22:49:36,473 - INFO - Saved last extraction date: 2024-10-15
2024-10-15 22:49:36,841 - INFO - Script execution finished.
